2024-05-02T10:09:16.912Z|0x5e64|Using pre-set license
2024-05-02T10:09:16.912Z|0x5e64|Built from '2022.3/staging' branch; Version is '2022.3.23f1 (dbb3f7c5b5c6) revision 14398455'; Using compiler version '192829333'; Build Type 'Release'
2024-05-02T10:09:16.912Z|0x5e64|OS: 'Windows 10  (10.0.19044) 64bit Professional' Language: 'zh' Physical Memory: 32581 MB
2024-05-02T10:09:16.912Z|0x5e64|BatchMode: 1, IsHumanControllingUs: 0, StartBugReporterOnCrash: 0, Is64bit: 1, IsPro: 1
2024-05-02T10:09:16.933Z|0x5e64|
COMMAND LINE ARGUMENTS:
2024-05-02T10:09:16.933Z|0x5e64|K:\UnityEngine\2022.3.23f1\Editor\Unity.exe
2024-05-02T10:09:16.933Z|0x5e64|-adb2
2024-05-02T10:09:16.933Z|0x5e64|-batchMode
2024-05-02T10:09:16.933Z|0x5e64|-noUpm
2024-05-02T10:09:16.933Z|0x5e64|-name
2024-05-02T10:09:16.933Z|0x5e64|AssetImportWorker1
2024-05-02T10:09:16.933Z|0x5e64|-projectPath
2024-05-02T10:09:16.933Z|0x5e64|K:/UnityProject/LoadingDEMO
2024-05-02T10:09:16.933Z|0x5e64|-logFile
2024-05-02T10:09:16.933Z|0x5e64|Logs/AssetImportWorker1.log
2024-05-02T10:09:16.933Z|0x5e64|-srvPort
2024-05-02T10:09:16.933Z|0x5e64|53369
2024-05-02T10:09:16.933Z|0x5e64|Successfully changed project path to: K:/UnityProject/LoadingDEMO
2024-05-02T10:09:16.969Z|0x5e64|K:/UnityProject/LoadingDEMO
2024-05-02T10:09:16.969Z|0x5e64|[UnityMemory] Configuration Parameters - Can be set up in boot.config
2024-05-02T10:09:16.969Z|0x5e64|    "memorysetup-bucket-allocator-granularity=16"
2024-05-02T10:09:16.969Z|0x5e64|    "memorysetup-bucket-allocator-bucket-count=8"
2024-05-02T10:09:16.969Z|0x5e64|    "memorysetup-bucket-allocator-block-size=33554432"
2024-05-02T10:09:16.969Z|0x5e64|    "memorysetup-bucket-allocator-block-count=8"
2024-05-02T10:09:16.969Z|0x5e64|    "memorysetup-main-allocator-block-size=16777216"
2024-05-02T10:09:16.969Z|0x5e64|    "memorysetup-thread-allocator-block-size=16777216"
2024-05-02T10:09:16.969Z|0x5e64|    "memorysetup-gfx-main-allocator-block-size=16777216"
2024-05-02T10:09:16.969Z|0x5e64|    "memorysetup-gfx-thread-allocator-block-size=16777216"
2024-05-02T10:09:16.969Z|0x5e64|    "memorysetup-cache-allocator-block-size=4194304"
2024-05-02T10:09:16.969Z|0x5e64|    "memorysetup-typetree-allocator-block-size=2097152"
2024-05-02T10:09:16.969Z|0x5e64|    "memorysetup-profiler-bucket-allocator-granularity=16"
2024-05-02T10:09:16.969Z|0x5e64|    "memorysetup-profiler-bucket-allocator-bucket-count=8"
2024-05-02T10:09:16.969Z|0x5e64|    "memorysetup-profiler-bucket-allocator-block-size=33554432"
2024-05-02T10:09:16.969Z|0x5e64|    "memorysetup-profiler-bucket-allocator-block-count=8"
2024-05-02T10:09:16.969Z|0x5e64|    "memorysetup-profiler-allocator-block-size=16777216"
2024-05-02T10:09:16.969Z|0x5e64|    "memorysetup-profiler-editor-allocator-block-size=1048576"
2024-05-02T10:09:16.969Z|0x5e64|    "memorysetup-temp-allocator-size-main=16777216"
2024-05-02T10:09:16.969Z|0x5e64|    "memorysetup-job-temp-allocator-block-size=2097152"
2024-05-02T10:09:16.969Z|0x5e64|    "memorysetup-job-temp-allocator-block-size-background=1048576"
2024-05-02T10:09:16.969Z|0x5e64|    "memorysetup-job-temp-allocator-reduction-small-platforms=262144"
2024-05-02T10:09:16.969Z|0x5e64|    "memorysetup-allocator-temp-initial-block-size-main=262144"
2024-05-02T10:09:16.970Z|0x5e64|    "memorysetup-allocator-temp-initial-block-size-worker=262144"
2024-05-02T10:09:16.970Z|0x5e64|    "memorysetup-temp-allocator-size-background-worker=32768"
2024-05-02T10:09:16.970Z|0x5e64|    "memorysetup-temp-allocator-size-job-worker=262144"
2024-05-02T10:09:16.970Z|0x5e64|    "memorysetup-temp-allocator-size-preload-manager=33554432"
2024-05-02T10:09:16.970Z|0x5e64|    "memorysetup-temp-allocator-size-nav-mesh-worker=65536"
2024-05-02T10:09:16.970Z|0x5e64|    "memorysetup-temp-allocator-size-audio-worker=65536"
2024-05-02T10:09:16.970Z|0x5e64|    "memorysetup-temp-allocator-size-cloud-worker=32768"
2024-05-02T10:09:16.970Z|0x5e64|    "memorysetup-temp-allocator-size-gi-baking-worker=262144"
2024-05-02T10:09:16.970Z|0x5e64|    "memorysetup-temp-allocator-size-gfx=262144"
2024-05-02T10:09:16.976Z|0x5e64|Player connection [24164] Host "[IP] 192.168.8.9 [Port] 0 [Flags] 2 [Guid] 394692851 [EditorId] 394692851 [Version] 1048832 [Id] WindowsEditor(7,JERRY-SSP3JCTJ3) [Debug] 1 [PackageName] WindowsEditor [ProjectName] Editor" joined multi-casting on [225.0.0.222:54997]...

2024-05-02T10:09:16.977Z|0x5e64|Player connection [24164] Host "[IP] 192.168.8.9 [Port] 0 [Flags] 2 [Guid] 394692851 [EditorId] 394692851 [Version] 1048832 [Id] WindowsEditor(7,JERRY-SSP3JCTJ3) [Debug] 1 [PackageName] WindowsEditor [ProjectName] Editor" joined alternative multi-casting on [225.0.0.222:34997]...

2024-05-02T10:09:16.982Z|0x5e64|[Physics::Module] Initialized MultithreadedJobDispatcher with 15 workers.
2024-05-02T10:09:17.117Z|0x5e64|Refreshing native plugins compatible for Editor in 5.57 ms, found 3 plugins.
2024-05-02T10:09:17.118Z|0x5e64|Preloading 0 native plugins for Editor in 0.00 ms.
2024-05-02T10:09:17.118Z|0x5e64|Initialize engine version: 2022.3.23f1 (dbb3f7c5b5c6)
2024-05-02T10:09:17.118Z|0x5e64|[Subsystems] Discovering subsystems at path K:/UnityEngine/2022.3.23f1/Editor/Data/Resources/UnitySubsystems
2024-05-02T10:09:17.118Z|0x5e64|[Subsystems] Discovering subsystems at path K:/UnityProject/LoadingDEMO/Assets
2024-05-02T10:09:17.119Z|0x5e64|GfxDevice: creating device client; threaded=0; jobified=0
2024-05-02T10:09:17.288Z|0x5e64|Direct3D:
2024-05-02T10:09:17.288Z|0x5e64|    Version:  Direct3D 11.0 [level 11.1]
2024-05-02T10:09:17.288Z|0x5e64|    Renderer: NVIDIA GeForce RTX 4060 Ti (ID=0x2803)
2024-05-02T10:09:17.288Z|0x5e64|    Vendor:   NVIDIA
2024-05-02T10:09:17.288Z|0x5e64|    VRAM:     7949 MB
2024-05-02T10:09:17.288Z|0x5e64|    Driver:   31.0.15.5212
2024-05-02T10:09:17.360Z|0x5e64|Initialize mono
2024-05-02T10:09:17.360Z|0x5e64|Mono path[0] = 'K:/UnityEngine/2022.3.23f1/Editor/Data/Managed'
2024-05-02T10:09:17.360Z|0x5e64|Mono path[1] = 'K:/UnityEngine/2022.3.23f1/Editor/Data/MonoBleedingEdge/lib/mono/unityjit-win32'
2024-05-02T10:09:17.360Z|0x5e64|Mono config path = 'K:/UnityEngine/2022.3.23f1/Editor/Data/MonoBleedingEdge/etc'
2024-05-02T10:09:17.360Z|0x5e64|Using monoOptions --debugger-agent=transport=dt_socket,embedding=1,server=y,suspend=n,address=127.0.0.1:56212
2024-05-02T10:09:17.406Z|0x5e64|Begin MonoManager ReloadAssembly
2024-05-02T10:09:17.590Z|0x5e64|Registering precompiled unity dll's ...
2024-05-02T10:09:17.592Z|0x5e64|Register platform support module: K:/UnityEngine/2022.3.23f1/Editor/Data/PlaybackEngines/WindowsStandaloneSupport/UnityEditor.WindowsStandalone.Extensions.dll
2024-05-02T10:09:17.594Z|0x5e64|Registered in 0.004070 seconds.
2024-05-02T10:09:17.770Z|0x5e64|- Loaded All Assemblies, in  0.364 seconds
2024-05-02T10:09:17.832Z|0x5e64|Native extension for WindowsStandalone target not found
2024-05-02T10:09:18.069Z|0x5e64|Mono: successfully reloaded assembly
2024-05-02T10:09:18.084Z|0x5e64|- Finished resetting the current domain, in  0.314 seconds
2024-05-02T10:09:18.085Z|0x5e64|Domain Reload Profiling: 678ms
	BeginReloadAssembly (111ms)
		ExecutionOrderSort (0ms)
		DisableScriptedObjects (0ms)
		BackupInstance (0ms)
		ReleaseScriptingObjects (0ms)
		CreateAndSetChildDomain (1ms)
	RebuildCommonClasses (38ms)
	RebuildNativeTypeToScriptingClass (12ms)
	initialDomainReloadingComplete (56ms)
	LoadAllAssembliesAndSetupDomain (146ms)
		LoadAssemblies (110ms)
		RebuildTransferFunctionScriptingTraits (0ms)
		AnalyzeDomain (144ms)
			TypeCache.Refresh (143ms)
				TypeCache.ScanAssembly (129ms)
			ScanForSourceGeneratedMonoScriptInfo (0ms)
			ResolveRequiredComponents (1ms)
	FinalizeReload (315ms)
		ReleaseScriptCaches (0ms)
		RebuildScriptCaches (0ms)
		SetupLoadedEditorAssemblies (246ms)
			LogAssemblyErrors (0ms)
			InitializePlatformSupportModulesInManaged (10ms)
			SetLoadedEditorAssemblies (8ms)
			RefreshPlugins (0ms)
			BeforeProcessingInitializeOnLoad (3ms)
			ProcessInitializeOnLoadAttributes (172ms)
			ProcessInitializeOnLoadMethodAttributes (52ms)
			AfterProcessingInitializeOnLoad (0ms)
			EditorAssembliesLoaded (0ms)
		ExecutionOrderSort2 (0ms)
		AwakeInstancesAfterBackupRestoration (0ms)
2024-05-02T10:09:18.243Z|0x5e64|========================================================================
2024-05-02T10:09:18.243Z|0x5e64|Worker process is ready to serve import requests
2024-05-02T10:09:18.877Z|0x5e64|Begin MonoManager ReloadAssembly
2024-05-02T10:09:19.434Z|0x5e64|- Loaded All Assemblies, in  0.557 seconds
2024-05-02T10:09:19.437Z|0x5e64|Refreshing native plugins compatible for Editor in 2.15 ms, found 3 plugins.
2024-05-02T10:09:19.589Z|0x5e64|Native extension for WindowsStandalone target not found
2024-05-02T10:09:20.105Z|0x5e64|Package Manager log level set to [2]
2024-05-02T10:09:20.105Z|0x5e64|[Package Manager] Server::EnsureServerProcessIsRunning -- launch failed, reason: Unity was launched with the -noUpm command-line argument
2024-05-02T10:09:20.105Z|0x5e64|[Package Manager] UpmClient::Send -- Unable to send message (not connected to UPM process).
2024-05-02T10:09:20.106Z|0x5e64|[Package Manager] Cannot connect to Unity Package Manager local server
2024-05-02T10:09:20.167Z|0x5e64|Mono: successfully reloaded assembly
2024-05-02T10:09:20.191Z|0x5e64|- Finished resetting the current domain, in  0.753 seconds
2024-05-02T10:09:20.191Z|0x5e64|Domain Reload Profiling: 1310ms
	BeginReloadAssembly (144ms)
		ExecutionOrderSort (0ms)
		DisableScriptedObjects (6ms)
		BackupInstance (0ms)
		ReleaseScriptingObjects (0ms)
		CreateAndSetChildDomain (21ms)
	RebuildCommonClasses (36ms)
	RebuildNativeTypeToScriptingClass (12ms)
	initialDomainReloadingComplete (27ms)
	LoadAllAssembliesAndSetupDomain (338ms)
		LoadAssemblies (265ms)
		RebuildTransferFunctionScriptingTraits (0ms)
		AnalyzeDomain (150ms)
			TypeCache.Refresh (126ms)
				TypeCache.ScanAssembly (112ms)
			ScanForSourceGeneratedMonoScriptInfo (16ms)
			ResolveRequiredComponents (6ms)
	FinalizeReload (753ms)
		ReleaseScriptCaches (0ms)
		RebuildScriptCaches (0ms)
		SetupLoadedEditorAssemblies (577ms)
			LogAssemblyErrors (0ms)
			InitializePlatformSupportModulesInManaged (6ms)
			SetLoadedEditorAssemblies (4ms)
			RefreshPlugins (0ms)
			BeforeProcessingInitializeOnLoad (85ms)
			ProcessInitializeOnLoadAttributes (448ms)
			ProcessInitializeOnLoadMethodAttributes (30ms)
			AfterProcessingInitializeOnLoad (3ms)
			EditorAssembliesLoaded (0ms)
		ExecutionOrderSort2 (0ms)
		AwakeInstancesAfterBackupRestoration (7ms)
2024-05-02T10:09:20.388Z|0x5e64|Launched and connected shader compiler UnityShaderCompiler.exe after 0.03 seconds
2024-05-02T10:09:20.425Z|0x5e64|Refreshing native plugins compatible for Editor in 1.03 ms, found 3 plugins.
2024-05-02T10:09:20.425Z|0x5e64|Preloading 0 native plugins for Editor in 0.00 ms.
2024-05-02T10:09:20.437Z|0x4e04|Unloading 3285 Unused Serialized files (Serialized files now loaded: 0)
2024-05-02T10:09:20.439Z|0x5e64|Unloading 57 unused Assets / (1.8 MB). Loaded Objects now: 3734.
Memory consumption went from 145.1 MB to 143.2 MB.
2024-05-02T10:09:20.439Z|0x5e64|Total: 2.369900 ms (FindLiveObjects: 0.176800 ms CreateObjectMapping: 0.073100 ms MarkObjects: 1.834300 ms  DeleteObjects: 0.284500 ms)

2024-05-02T10:09:20.444Z|0x5e64|AssetImportParameters requested are different than current active one (requested -> active):
2024-05-02T10:09:20.444Z|0x5e64|  custom:container-demuxer-ogg: 62fdf1f143b41e24485cea50d1cbac27 -> 
2024-05-02T10:09:20.444Z|0x5e64|  custom:video-decoder-ogg-theora: a1e56fd34408186e4bbccfd4996cb3dc -> 
2024-05-02T10:09:20.444Z|0x5e64|  custom:framework-win-MediaFoundation: 216162199b28c13a410421893ffa2e32 -> 
2024-05-02T10:09:20.444Z|0x5e64|  custom:CustomObjectIndexerAttribute: 9a22284fe3817be447336de3de66b15e -> 
2024-05-02T10:09:20.444Z|0x5e64|  custom:container-demuxer-webm: 4f35f7cbe854078d1ac9338744f61a02 -> 
2024-05-02T10:09:20.444Z|0x5e64|  custom:container-muxer-webm: aa71ff27fc2769a1b78a27578f13a17b -> 
2024-05-02T10:09:20.444Z|0x5e64|  custom:video-decoder-webm-vp8: 9c59270c3fd7afecdb556c50c9e8de78 -> 
2024-05-02T10:09:20.444Z|0x5e64|  custom:SearchIndexIgnoredProperties: e643bd26f0fe6173181afceb89e7c659 -> 
2024-05-02T10:09:20.444Z|0x5e64|  custom:AudioImporter_EditorPlatform: d09bf68614088b80899f8185d706f6e7 -> 
2024-05-02T10:09:20.444Z|0x5e64|  custom:video-encoder-webm-vp8: eb34c28f22e8b96e1ab97ce403110664 -> 
2024-05-02T10:09:20.444Z|0x5e64|  custom:audio-decoder-ogg-vorbis: bf7c407c2cedff20999df2af8eb42d56 -> 
2024-05-02T10:09:20.444Z|0x5e64|  custom:audio-encoder-webm-vorbis: bf7c407c2cedff20999df2af8eb42d56 -> 
2024-05-02T10:09:20.445Z|0x5e64|========================================================================
Received Import Request.
  Time since last request: 4445.528267 seconds.
  path: Assets/Scenes/TestScenes.unity
  artifactKey: Guid(9fc0d4010bbf28b4594072e72b8655ab) Importer(815301076,1909f56bfc062723c751e8b465ee728b)
2024-05-02T10:09:20.446Z|0x5e64|Start importing Assets/Scenes/TestScenes.unity using Guid(9fc0d4010bbf28b4594072e72b8655ab) Importer(815301076,1909f56bfc062723c751e8b465ee728b) 2024-05-02T10:09:20.448Z|0x5e64| -> (artifact id: '4b12340f902662b28144990f2bbe08be') in 0.002498 seconds
2024-05-02T10:09:20.448Z|0x5e64|Number of updated asset objects reloaded before import = 0
Number of asset objects unloaded after import = 0
