2024-05-02T10:11:35.942Z|0xe90|Using pre-set license
2024-05-02T10:11:35.942Z|0xe90|Built from '6000.0/release' branch; Version is '6000.0.0f1 (4ff56b3ea44c) revision 5240171'; Using compiler version '193933522'; Build Type 'Release'
2024-05-02T10:11:35.942Z|0xe90|OS: 'Windows 10  (10.0.19044) 64bit Professional' Language: 'zh' Physical Memory: 32581 MB
2024-05-02T10:11:35.942Z|0xe90|BatchMode: 1, IsHumanControllingUs: 0, StartBugReporterOnCrash: 0, Is64bit: 1, IsPro: 1
2024-05-02T10:11:35.947Z|0xe90|
COMMAND LINE ARGUMENTS:
2024-05-02T10:11:35.947Z|0xe90|F:\Unity\Editor\Unity.exe
2024-05-02T10:11:35.947Z|0xe90|-adb2
2024-05-02T10:11:35.947Z|0xe90|-batchMode
2024-05-02T10:11:35.947Z|0xe90|-noUpm
2024-05-02T10:11:35.947Z|0xe90|-name
2024-05-02T10:11:35.947Z|0xe90|AssetImportWorker0
2024-05-02T10:11:35.947Z|0xe90|-projectPath
2024-05-02T10:11:35.947Z|0xe90|K:/UnityProject/LoadingDEMO
2024-05-02T10:11:35.947Z|0xe90|-logFile
2024-05-02T10:11:35.947Z|0xe90|Logs/AssetImportWorker0.log
2024-05-02T10:11:35.947Z|0xe90|-srvPort
2024-05-02T10:11:35.947Z|0xe90|53515
2024-05-02T10:11:35.947Z|0xe90|-job-worker-count
2024-05-02T10:11:35.947Z|0xe90|7
2024-05-02T10:11:35.947Z|0xe90|-background-job-worker-count
2024-05-02T10:11:35.947Z|0xe90|8
2024-05-02T10:11:35.947Z|0xe90|-asset-garbage-collectors
2024-05-02T10:11:35.947Z|0xe90|1
2024-05-02T10:11:35.947Z|0xe90|Successfully changed project path to: K:/UnityProject/LoadingDEMO
2024-05-02T10:11:35.986Z|0xe90|K:/UnityProject/LoadingDEMO
2024-05-02T10:11:35.986Z|0xe90|[UnityMemory] Configuration Parameters - Can be set up in boot.config
2024-05-02T10:11:35.986Z|0xe90|    "memorysetup-bucket-allocator-granularity=16"
2024-05-02T10:11:35.986Z|0xe90|    "memorysetup-bucket-allocator-bucket-count=8"
2024-05-02T10:11:35.986Z|0xe90|    "memorysetup-bucket-allocator-block-size=33554432"
2024-05-02T10:11:35.986Z|0xe90|    "memorysetup-bucket-allocator-block-count=8"
2024-05-02T10:11:35.986Z|0xe90|    "memorysetup-main-allocator-block-size=16777216"
2024-05-02T10:11:35.986Z|0xe90|    "memorysetup-thread-allocator-block-size=16777216"
2024-05-02T10:11:35.986Z|0xe90|    "memorysetup-gfx-main-allocator-block-size=16777216"
2024-05-02T10:11:35.986Z|0xe90|    "memorysetup-gfx-thread-allocator-block-size=16777216"
2024-05-02T10:11:35.986Z|0xe90|    "memorysetup-cache-allocator-block-size=4194304"
2024-05-02T10:11:35.986Z|0xe90|    "memorysetup-typetree-allocator-block-size=2097152"
2024-05-02T10:11:35.986Z|0xe90|    "memorysetup-profiler-bucket-allocator-granularity=16"
2024-05-02T10:11:35.987Z|0xe90|    "memorysetup-profiler-bucket-allocator-bucket-count=8"
2024-05-02T10:11:35.987Z|0xe90|    "memorysetup-profiler-bucket-allocator-block-size=33554432"
2024-05-02T10:11:35.987Z|0xe90|    "memorysetup-profiler-bucket-allocator-block-count=8"
2024-05-02T10:11:35.987Z|0xe90|    "memorysetup-profiler-allocator-block-size=16777216"
2024-05-02T10:11:35.987Z|0xe90|    "memorysetup-profiler-editor-allocator-block-size=1048576"
2024-05-02T10:11:35.987Z|0xe90|    "memorysetup-temp-allocator-size-main=16777216"
2024-05-02T10:11:35.987Z|0xe90|    "memorysetup-job-temp-allocator-block-size=2097152"
2024-05-02T10:11:35.987Z|0xe90|    "memorysetup-job-temp-allocator-block-size-background=1048576"
2024-05-02T10:11:35.987Z|0xe90|    "memorysetup-job-temp-allocator-reduction-small-platforms=262144"
2024-05-02T10:11:35.987Z|0xe90|    "memorysetup-allocator-temp-initial-block-size-main=262144"
2024-05-02T10:11:35.987Z|0xe90|    "memorysetup-allocator-temp-initial-block-size-worker=262144"
2024-05-02T10:11:35.987Z|0xe90|    "memorysetup-temp-allocator-size-background-worker=32768"
2024-05-02T10:11:35.987Z|0xe90|    "memorysetup-temp-allocator-size-job-worker=262144"
2024-05-02T10:11:35.987Z|0xe90|    "memorysetup-temp-allocator-size-preload-manager=33554432"
2024-05-02T10:11:35.987Z|0xe90|    "memorysetup-temp-allocator-size-nav-mesh-worker=65536"
2024-05-02T10:11:35.987Z|0xe90|    "memorysetup-temp-allocator-size-audio-worker=65536"
2024-05-02T10:11:35.987Z|0xe90|    "memorysetup-temp-allocator-size-cloud-worker=32768"
2024-05-02T10:11:35.987Z|0xe90|    "memorysetup-temp-allocator-size-gi-baking-worker=262144"
2024-05-02T10:11:35.987Z|0xe90|    "memorysetup-temp-allocator-size-gi-baking-worker=262144"
2024-05-02T10:11:35.987Z|0xe90|    "memorysetup-temp-allocator-size-gi-baking-worker=262144"
2024-05-02T10:11:35.987Z|0xe90|    "memorysetup-temp-allocator-size-gi-baking-worker=262144"
2024-05-02T10:11:35.987Z|0xe90|    "memorysetup-temp-allocator-size-gi-baking-worker=262144"
2024-05-02T10:11:35.987Z|0xe90|    "memorysetup-temp-allocator-size-gfx=262144"
2024-05-02T10:11:35.993Z|0xe90|Player connection [3728]  Target information:

2024-05-02T10:11:35.993Z|0xe90|Player connection [3728]  * "[IP] 192.168.8.9 [Port] 0 [Flags] 2 [Guid] 1293104699 [EditorId] 1293104699 [Version] 1048832 [Id] WindowsEditor(7,JERRY-SSP3JCTJ3) [Debug] 1 [PackageName] WindowsEditor [ProjectName] Editor" 

2024-05-02T10:11:35.995Z|0xe90|Player connection [3728] Host joined multi-casting on [225.0.0.222:54997]...
2024-05-02T10:11:35.995Z|0xe90|Player connection [3728] Host joined alternative multi-casting on [225.0.0.222:34997]...
2024-05-02T10:11:35.995Z|0xe90|JobSystem: Creating JobQueue using job-worker-count value 7
2024-05-02T10:11:36.060Z|0xe90|Library Redirect Path: Library/
2024-05-02T10:11:36.089Z|0xe90|[PhysX] Initialized MultithreadedTaskDispatcher with 8 workers.
2024-05-02T10:11:36.098Z|0xe90|Refreshing native plugins compatible for Editor in 1.57 ms, found 3 plugins.
2024-05-02T10:11:36.098Z|0xe90|Preloading 0 native plugins for Editor in 0.00 ms.
2024-05-02T10:11:36.099Z|0xe90|Initialize engine version: 6000.0.0f1 (4ff56b3ea44c)
2024-05-02T10:11:36.099Z|0xe90|[Subsystems] Discovering subsystems at path F:/Unity/Editor/Data/Resources/UnitySubsystems
2024-05-02T10:11:36.099Z|0xe90|[Subsystems] Discovering subsystems at path K:/UnityProject/LoadingDEMO/Assets
2024-05-02T10:11:36.099Z|0xe90|GfxDevice: creating device client; kGfxThreadingModeNonThreaded
2024-05-02T10:11:36.270Z|0xe90|Direct3D:
2024-05-02T10:11:36.270Z|0xe90|    Version:  Direct3D 11.0 [level 11.1]
2024-05-02T10:11:36.270Z|0xe90|    Renderer: NVIDIA GeForce RTX 4060 Ti (ID=0x2803)
2024-05-02T10:11:36.270Z|0xe90|    Vendor:   NVIDIA
2024-05-02T10:11:36.270Z|0xe90|    VRAM:     7949 MB
2024-05-02T10:11:36.270Z|0xe90|    Driver:   31.0.15.5212
2024-05-02T10:11:36.387Z|0xe90|Initialize mono
2024-05-02T10:11:36.387Z|0xe90|Mono path[0] = 'F:/Unity/Editor/Data/Managed'
2024-05-02T10:11:36.387Z|0xe90|Mono path[1] = 'F:/Unity/Editor/Data/MonoBleedingEdge/lib/mono/unityjit-win32'
2024-05-02T10:11:36.387Z|0xe90|Mono config path = 'F:/Unity/Editor/Data/MonoBleedingEdge/etc'
2024-05-02T10:11:36.387Z|0xe90|Using monoOptions --debugger-agent=transport=dt_socket,embedding=1,server=y,suspend=n,address=127.0.0.1:56176
2024-05-02T10:11:36.439Z|0xe90|Begin MonoManager ReloadAssembly
2024-05-02T10:11:36.671Z|0xe90|Registering precompiled unity dll's ...
2024-05-02T10:11:36.673Z|0xe90|Register platform support module: F:/Unity/Editor/Data/PlaybackEngines/WindowsStandaloneSupport/UnityEditor.WindowsStandalone.Extensions.dll
2024-05-02T10:11:36.674Z|0xe90|Registered in 0.002206 seconds.
2024-05-02T10:11:36.880Z|0xe90|- Loaded All Assemblies, in  0.440 seconds
2024-05-02T10:11:36.935Z|0xe90|Native extension for WindowsStandalone target not found
2024-05-02T10:11:37.457Z|0xe90|Mono: successfully reloaded assembly
2024-05-02T10:11:37.474Z|0xe90|- Finished resetting the current domain, in  0.593 seconds
2024-05-02T10:11:37.474Z|0xe90|Domain Reload Profiling: 1033ms
	BeginReloadAssembly (150ms)
		ExecutionOrderSort (0ms)
		DisableScriptedObjects (0ms)
		BackupInstance (0ms)
		ReleaseScriptingObjects (0ms)
		CreateAndSetChildDomain (1ms)
	RebuildCommonClasses (43ms)
	RebuildNativeTypeToScriptingClass (16ms)
	initialDomainReloadingComplete (54ms)
	LoadAllAssembliesAndSetupDomain (177ms)
		LoadAssemblies (149ms)
		RebuildTransferFunctionScriptingTraits (0ms)
		AnalyzeDomain (174ms)
			TypeCache.Refresh (172ms)
				TypeCache.ScanAssembly (157ms)
			BuildScriptInfoCaches (0ms)
			ResolveRequiredComponents (1ms)
	FinalizeReload (594ms)
		ReleaseScriptCaches (0ms)
		RebuildScriptCaches (0ms)
		SetupLoadedEditorAssemblies (530ms)
			LogAssemblyErrors (0ms)
			InitializePlatformSupportModulesInManaged (66ms)
			SetLoadedEditorAssemblies (6ms)
			BeforeProcessingInitializeOnLoad (6ms)
			ProcessInitializeOnLoadAttributes (183ms)
			ProcessInitializeOnLoadMethodAttributes (268ms)
			AfterProcessingInitializeOnLoad (0ms)
			EditorAssembliesLoaded (0ms)
		ExecutionOrderSort2 (0ms)
		AwakeInstancesAfterBackupRestoration (0ms)
2024-05-02T10:11:37.651Z|0xe90|========================================================================
2024-05-02T10:11:37.651Z|0xe90|Worker process is ready to serve import requests
2024-05-02T10:11:37.651Z|0xe90|Import Worker Mode flag is 0x00
2024-05-02T10:11:37.783Z|0xe90|Begin MonoManager ReloadAssembly
2024-05-02T10:11:38.655Z|0xe90|- Loaded All Assemblies, in  0.871 seconds
2024-05-02T10:11:38.864Z|0xe90|Refreshing native plugins compatible for Editor in 0.81 ms, found 3 plugins.
2024-05-02T10:11:38.987Z|0xe90|Native extension for WindowsStandalone target not found
2024-05-02T10:11:39.760Z|0xe90|Mono: successfully reloaded assembly
2024-05-02T10:11:39.865Z|0xe90|- Finished resetting the current domain, in  1.000 seconds
2024-05-02T10:11:39.866Z|0xe90|Domain Reload Profiling: 1871ms
	BeginReloadAssembly (403ms)
		ExecutionOrderSort (0ms)
		DisableScriptedObjects (8ms)
		BackupInstance (0ms)
		ReleaseScriptingObjects (0ms)
		CreateAndSetChildDomain (33ms)
	RebuildCommonClasses (43ms)
	RebuildNativeTypeToScriptingClass (16ms)
	initialDomainReloadingComplete (27ms)
	LoadAllAssembliesAndSetupDomain (383ms)
		LoadAssemblies (324ms)
		RebuildTransferFunctionScriptingTraits (0ms)
		AnalyzeDomain (180ms)
			TypeCache.Refresh (131ms)
				TypeCache.ScanAssembly (116ms)
			BuildScriptInfoCaches (39ms)
			ResolveRequiredComponents (8ms)
	FinalizeReload (1001ms)
		ReleaseScriptCaches (0ms)
		RebuildScriptCaches (0ms)
		SetupLoadedEditorAssemblies (765ms)
			LogAssemblyErrors (0ms)
			InitializePlatformSupportModulesInManaged (16ms)
			SetLoadedEditorAssemblies (5ms)
			BeforeProcessingInitializeOnLoad (68ms)
			ProcessInitializeOnLoadAttributes (422ms)
			ProcessInitializeOnLoadMethodAttributes (252ms)
			AfterProcessingInitializeOnLoad (2ms)
			EditorAssembliesLoaded (0ms)
		ExecutionOrderSort2 (0ms)
		AwakeInstancesAfterBackupRestoration (10ms)
2024-05-02T10:11:40.037Z|0xe90|Launched and connected shader compiler UnityShaderCompiler.exe after 0.01 seconds
2024-05-02T10:11:40.073Z|0xe90|Refreshing native plugins compatible for Editor in 0.46 ms, found 3 plugins.
2024-05-02T10:11:40.073Z|0xe90|Preloading 0 native plugins for Editor in 0.00 ms.
2024-05-02T10:11:40.075Z|0x15c4|Unloading 63 Unused Serialized files (Serialized files now loaded: 0)
2024-05-02T10:11:40.080Z|0xe90|Unloading 3340 unused Assets / (2.7 MB). Loaded Objects now: 3966.
Memory consumption went from 121.2 MB to 118.6 MB.
2024-05-02T10:11:40.080Z|0xe90|Total: 4.693800 ms (FindLiveObjects: 0.249600 ms CreateObjectMapping: 0.181300 ms MarkObjects: 3.386800 ms  DeleteObjects: 0.875400 ms)

2024-05-02T10:11:40.480Z|0xe90|========================================================================
Received Import Request.
  Time since last request: 4585.563356 seconds.
  path: Assets/Scripts/Resources
  artifactKey: Guid(3e95f462c895d0940bf8eb371e12b81e) Importer(815301076,1909f56bfc062723c751e8b465ee728b)
2024-05-02T10:11:40.481Z|0xe90|Start importing Assets/Scripts/Resources using Guid(3e95f462c895d0940bf8eb371e12b81e) Importer(815301076,1909f56bfc062723c751e8b465ee728b) (PreviewImporter)[PhysX] Initialized MultithreadedTaskDispatcher with 8 workers.
2024-05-02T10:11:40.488Z|0xe90| -> (artifact id: 'f9203125d43362fe19c9ea7e90a734d0') in 0.0065521 seconds
2024-05-02T10:11:40.488Z|0xe90|Number of updated asset objects reloaded before import = 0Number of asset objects unloaded after import = 0

2024-05-02T10:11:40.747Z|0xe90|========================================================================
Received Import Request.
  Time since last request: 0.258780 seconds.
  path: Assets/Scripts/Prefabs
  artifactKey: Guid(68fd64de3524899498f2924b6a0e96d2) Importer(815301076,1909f56bfc062723c751e8b465ee728b)
2024-05-02T10:11:40.748Z|0xe90|Start importing Assets/Scripts/Prefabs using Guid(68fd64de3524899498f2924b6a0e96d2) Importer(815301076,1909f56bfc062723c751e8b465ee728b) (PreviewImporter)[PhysX] Initialized MultithreadedTaskDispatcher with 8 workers.
2024-05-02T10:11:40.748Z|0xe90| -> (artifact id: 'f07dbd91f7254d3c88b1d55e0f933464') in 0.0007268 seconds
2024-05-02T10:11:40.749Z|0xe90|Number of updated asset objects reloaded before import = 0Number of asset objects unloaded after import = 0

2024-05-02T10:11:40.992Z|0xe90|========================================================================
Received Import Request.
  Time since last request: 0.243296 seconds.
  path: Assets/Scripts/Plugins
  artifactKey: Guid(7615f02d0d96bea4fb945e30ab1d10ee) Importer(815301076,1909f56bfc062723c751e8b465ee728b)
2024-05-02T10:11:40.993Z|0xe90|Start importing Assets/Scripts/Plugins using Guid(7615f02d0d96bea4fb945e30ab1d10ee) Importer(815301076,1909f56bfc062723c751e8b465ee728b) (PreviewImporter)[PhysX] Initialized MultithreadedTaskDispatcher with 8 workers.
2024-05-02T10:11:40.993Z|0xe90| -> (artifact id: '5a2b646fb5ba3195fdf4155ca5875293') in 0.0005463 seconds
2024-05-02T10:11:40.994Z|0xe90|Number of updated asset objects reloaded before import = 0Number of asset objects unloaded after import = 0

2024-05-02T10:11:41.248Z|0xe90|========================================================================
Received Import Request.
  Time since last request: 0.253735 seconds.
  path: Assets/Scripts/Editor
  artifactKey: Guid(63beda11f428ac94fb5a3699458cd585) Importer(815301076,1909f56bfc062723c751e8b465ee728b)
2024-05-02T10:11:41.249Z|0xe90|Start importing Assets/Scripts/Editor using Guid(63beda11f428ac94fb5a3699458cd585) Importer(815301076,1909f56bfc062723c751e8b465ee728b) (PreviewImporter)[PhysX] Initialized MultithreadedTaskDispatcher with 8 workers.
2024-05-02T10:11:41.249Z|0xe90| -> (artifact id: 'f7df2166f6c69d6d6939b6d228ed1451') in 0.0005711 seconds
2024-05-02T10:11:41.250Z|0xe90|Number of updated asset objects reloaded before import = 0Number of asset objects unloaded after import = 0

2024-05-02T10:14:39.694Z|0xe90|========================================================================
2024-05-02T10:14:39.694Z|0xe90|Received Prepare
2024-05-02T10:14:39.856Z|0xe90|Refreshing native plugins compatible for Editor in 0.87 ms, found 3 plugins.
2024-05-02T10:14:39.856Z|0xe90|Preloading 0 native plugins for Editor in 0.00 ms.
2024-05-02T10:14:39.856Z|0x15c4|Unloading 13 Unused Serialized files (Serialized files now loaded: 0)
2024-05-02T10:14:39.863Z|0xe90|Unloading 3332 unused Assets / (2.8 MB). Loaded Objects now: 3968.
Memory consumption went from 108.3 MB to 105.6 MB.
2024-05-02T10:14:39.863Z|0xe90|Total: 6.659600 ms (FindLiveObjects: 0.459200 ms CreateObjectMapping: 0.187300 ms MarkObjects: 4.882200 ms  DeleteObjects: 1.129400 ms)

2024-05-02T10:14:39.863Z|0xe90|Prepare: number of updated asset objects reloaded= 0
2024-05-02T10:14:42.956Z|0xe90|========================================================================
2024-05-02T10:14:42.956Z|0xe90|Received Prepare
2024-05-02T10:14:43.087Z|0xe90|Begin MonoManager ReloadAssembly
2024-05-02T10:14:43.706Z|0xe90|- Loaded All Assemblies, in  0.619 seconds
2024-05-02T10:14:43.916Z|0xe90|Refreshing native plugins compatible for Editor in 0.87 ms, found 3 plugins.
2024-05-02T10:14:44.049Z|0xe90|Native extension for WindowsStandalone target not found
2024-05-02T10:14:44.780Z|0xe90|Mono: successfully reloaded assembly
2024-05-02T10:14:44.885Z|0xe90|- Finished resetting the current domain, in  0.968 seconds
2024-05-02T10:14:44.886Z|0xe90|Domain Reload Profiling: 1588ms
	BeginReloadAssembly (208ms)
		ExecutionOrderSort (0ms)
		DisableScriptedObjects (7ms)
		BackupInstance (0ms)
		ReleaseScriptingObjects (0ms)
		CreateAndSetChildDomain (43ms)
	RebuildCommonClasses (42ms)
	RebuildNativeTypeToScriptingClass (16ms)
	initialDomainReloadingComplete (27ms)
	LoadAllAssembliesAndSetupDomain (326ms)
		LoadAssemblies (313ms)
		RebuildTransferFunctionScriptingTraits (0ms)
		AnalyzeDomain (133ms)
			TypeCache.Refresh (8ms)
				TypeCache.ScanAssembly (1ms)
			BuildScriptInfoCaches (115ms)
			ResolveRequiredComponents (7ms)
	FinalizeReload (968ms)
		ReleaseScriptCaches (0ms)
		RebuildScriptCaches (0ms)
		SetupLoadedEditorAssemblies (723ms)
			LogAssemblyErrors (0ms)
			InitializePlatformSupportModulesInManaged (15ms)
			SetLoadedEditorAssemblies (4ms)
			BeforeProcessingInitializeOnLoad (68ms)
			ProcessInitializeOnLoadAttributes (379ms)
			ProcessInitializeOnLoadMethodAttributes (254ms)
			AfterProcessingInitializeOnLoad (2ms)
			EditorAssembliesLoaded (0ms)
		ExecutionOrderSort2 (0ms)
		AwakeInstancesAfterBackupRestoration (9ms)
2024-05-02T10:14:44.970Z|0xe90|Refreshing native plugins compatible for Editor in 0.84 ms, found 3 plugins.
2024-05-02T10:14:44.970Z|0xe90|Preloading 0 native plugins for Editor in 0.00 ms.
2024-05-02T10:14:44.971Z|0x4500|Unloading 13 Unused Serialized files (Serialized files now loaded: 0)
2024-05-02T10:14:44.977Z|0xe90|Unloading 3338 unused Assets / (2.8 MB). Loaded Objects now: 3968.
Memory consumption went from 109.7 MB to 106.9 MB.
2024-05-02T10:14:44.977Z|0xe90|Total: 5.942400 ms (FindLiveObjects: 0.444000 ms CreateObjectMapping: 0.185100 ms MarkObjects: 4.292400 ms  DeleteObjects: 1.019500 ms)

2024-05-02T10:14:44.977Z|0xe90|Prepare: number of updated asset objects reloaded= 0
2024-05-02T10:23:27.682Z|0xe90|========================================================================
2024-05-02T10:23:27.682Z|0xe90|Received Prepare
2024-05-02T10:23:27.847Z|0xe90|Refreshing native plugins compatible for Editor in 0.84 ms, found 3 plugins.
2024-05-02T10:23:27.847Z|0xe90|Preloading 0 native plugins for Editor in 0.00 ms.
2024-05-02T10:23:27.847Z|0x4500|Unloading 13 Unused Serialized files (Serialized files now loaded: 0)
2024-05-02T10:23:27.852Z|0xe90|Unloading 3332 unused Assets / (2.6 MB). Loaded Objects now: 3968.
Memory consumption went from 109.9 MB to 107.3 MB.
2024-05-02T10:23:27.852Z|0xe90|Total: 6.041100 ms (FindLiveObjects: 0.461500 ms CreateObjectMapping: 0.186500 ms MarkObjects: 4.357500 ms  DeleteObjects: 1.034500 ms)

2024-05-02T10:23:27.852Z|0xe90|Prepare: number of updated asset objects reloaded= 0
2024-05-02T10:23:29.924Z|0xe90|========================================================================
2024-05-02T10:23:29.924Z|0xe90|Received Prepare
2024-05-02T10:23:30.063Z|0xe90|Begin MonoManager ReloadAssembly
2024-05-02T10:23:30.693Z|0xe90|- Loaded All Assemblies, in  0.631 seconds
2024-05-02T10:23:30.900Z|0xe90|Refreshing native plugins compatible for Editor in 1.02 ms, found 3 plugins.
2024-05-02T10:23:31.023Z|0xe90|Native extension for WindowsStandalone target not found
2024-05-02T10:23:31.759Z|0xe90|Mono: successfully reloaded assembly
2024-05-02T10:23:31.863Z|0xe90|- Finished resetting the current domain, in  0.961 seconds
2024-05-02T10:23:31.864Z|0xe90|Domain Reload Profiling: 1593ms
	BeginReloadAssembly (210ms)
		ExecutionOrderSort (0ms)
		DisableScriptedObjects (7ms)
		BackupInstance (0ms)
		ReleaseScriptingObjects (0ms)
		CreateAndSetChildDomain (43ms)
	RebuildCommonClasses (42ms)
	RebuildNativeTypeToScriptingClass (16ms)
	initialDomainReloadingComplete (28ms)
	LoadAllAssembliesAndSetupDomain (334ms)
		LoadAssemblies (323ms)
		RebuildTransferFunctionScriptingTraits (0ms)
		AnalyzeDomain (133ms)
			TypeCache.Refresh (8ms)
				TypeCache.ScanAssembly (1ms)
			BuildScriptInfoCaches (115ms)
			ResolveRequiredComponents (7ms)
	FinalizeReload (962ms)
		ReleaseScriptCaches (0ms)
		RebuildScriptCaches (0ms)
		SetupLoadedEditorAssemblies (729ms)
			LogAssemblyErrors (0ms)
			InitializePlatformSupportModulesInManaged (14ms)
			SetLoadedEditorAssemblies (4ms)
			BeforeProcessingInitializeOnLoad (65ms)
			ProcessInitializeOnLoadAttributes (387ms)
			ProcessInitializeOnLoadMethodAttributes (256ms)
			AfterProcessingInitializeOnLoad (2ms)
			EditorAssembliesLoaded (0ms)
		ExecutionOrderSort2 (0ms)
		AwakeInstancesAfterBackupRestoration (9ms)
2024-05-02T10:23:31.950Z|0xe90|Refreshing native plugins compatible for Editor in 1.13 ms, found 3 plugins.
2024-05-02T10:23:31.950Z|0xe90|Preloading 0 native plugins for Editor in 0.00 ms.
2024-05-02T10:23:31.951Z|0x45fc|Unloading 13 Unused Serialized files (Serialized files now loaded: 0)
2024-05-02T10:23:31.957Z|0xe90|Unloading 3338 unused Assets / (2.7 MB). Loaded Objects now: 3968.
Memory consumption went from 109.7 MB to 107.0 MB.
2024-05-02T10:23:31.957Z|0xe90|Total: 6.647200 ms (FindLiveObjects: 0.490500 ms CreateObjectMapping: 0.237300 ms MarkObjects: 4.735600 ms  DeleteObjects: 1.182500 ms)

2024-05-02T10:23:31.957Z|0xe90|Prepare: number of updated asset objects reloaded= 0
